<?xml version="1.0" encoding="UTF-8"?>
<!-- Generated by org.testng.reporters.JUnitReportReporter -->
<testsuite hostname="DESKTOP-56PO596" failures="0" tests="3" name="DistributedAdmin.Create_company_CRUD" time="4.298" errors="0" timestamp="2024-05-29T16:52:21 IST" skipped="1">
  <testcase classname="DistributedAdmin.Create_company_CRUD" name="distributorAdminLoginTest" time="3.995"/>
  <system-out/>
  <testcase classname="DistributedAdmin.Create_company_CRUD" name="getCompanyLocationsById" time="0.303"/>
  <system-out/>
  <testcase classname="DistributedAdmin.Create_company_CRUD" name="DeleteDistributorUserById">
    <skipped/>
  </testcase> <!-- DeleteDistributorUserById -->
  <system-out/>
</testsuite> <!-- DistributedAdmin.Create_company_CRUD -->
