<?xml version="1.0" encoding="UTF-8"?>
<!-- Generated by org.testng.reporters.JUnitReportReporter -->
<testsuite hostname="DESKTOP-56PO596" failures="0" tests="6" name="SuperAdmin.Distributor_Admin_Crud" time="7.175" errors="0" timestamp="2024-05-29T15:49:00 IST" skipped="0">
  <testcase classname="SuperAdmin.Distributor_Admin_Crud" name="superAdminLoginTest" time="4.033"/>
  <system-out/>
  <testcase classname="SuperAdmin.Distributor_Admin_Crud" name="createDistributorAdminTest" time="1.603"/>
  <system-out/>
  <testcase classname="SuperAdmin.Distributor_Admin_Crud" name="getAlldistributorAdmins" time="0.329"/>
  <system-out/>
  <testcase classname="SuperAdmin.Distributor_Admin_Crud" name="getDistributorAdminById" time="0.128"/>
  <system-out/>
  <testcase classname="SuperAdmin.Distributor_Admin_Crud" name="updateDistributorAdminById" time="0.786"/>
  <system-out/>
  <testcase classname="SuperAdmin.Distributor_Admin_Crud" name="DeleteDistributorAdminById" time="0.296"/>
  <system-out/>
</testsuite> <!-- SuperAdmin.Distributor_Admin_Crud -->
