<?xml version="1.0" encoding="UTF-8"?>
<!-- Generated by org.testng.reporters.JUnitReportReporter -->
<testsuite hostname="DESKTOP-56PO596" failures="0" tests="5" name="DistributedAdmin.Distributor_User_CRUD" time="6.651" errors="0" timestamp="2024-05-29T15:56:25 IST" skipped="0">
  <testcase classname="DistributedAdmin.Distributor_User_CRUD" name="distributorAdminLoginTest" time="4.058"/>
  <system-out/>
  <testcase classname="DistributedAdmin.Distributor_User_CRUD" name="createDistributorUserTest" time="0.871"/>
  <system-out/>
  <testcase classname="DistributedAdmin.Distributor_User_CRUD" name="getDistributorUserById" time="0.160"/>
  <system-out/>
  <testcase classname="DistributedAdmin.Distributor_User_CRUD" name="updateDistributorUserTest" time="1.229"/>
  <system-out/>
  <testcase classname="DistributedAdmin.Distributor_User_CRUD" name="DeleteDistributorUserById" time="0.333"/>
  <system-out/>
</testsuite> <!-- DistributedAdmin.Distributor_User_CRUD -->
