<?xml version="1.0" encoding="UTF-8"?>
<!-- Generated by org.testng.reporters.JUnitReportReporter -->
<testsuite hostname="DESKTOP-56PO596" failures="0" tests="10" name="SuperAdmin.Cylinder_CRUD" time="8.206" errors="0" timestamp="2024-05-29T15:47:47 IST" skipped="0">
  <testcase classname="SuperAdmin.Cylinder_CRUD" name="superAdminLoginTest" time="4.856"/>
  <system-out/>
  <testcase classname="SuperAdmin.Cylinder_CRUD" name="createCylinderSizeTestwithToken" time="0.629"/>
  <system-out/>
  <testcase classname="SuperAdmin.Cylinder_CRUD" name="createCylinderSizeTest" time="0.458"/>
  <system-out/>
  <testcase classname="SuperAdmin.Cylinder_CRUD" name="getAllCylinder" time="0.299"/>
  <system-out/>
  <testcase classname="SuperAdmin.Cylinder_CRUD" name="getCylinderById" time="0.219"/>
  <system-out/>
  <testcase classname="SuperAdmin.Cylinder_CRUD" name="updateCylinderById" time="0.226"/>
  <system-out/>
  <testcase classname="SuperAdmin.Cylinder_CRUD" name="createCylinderGasTest" time="0.745"/>
  <system-out/>
  <testcase classname="SuperAdmin.Cylinder_CRUD" name="getAllCylinderGas" time="0.202"/>
  <system-out/>
  <testcase classname="SuperAdmin.Cylinder_CRUD" name="getCylinderGasById" time="0.209"/>
  <system-out/>
  <testcase classname="SuperAdmin.Cylinder_CRUD" name="updateCylinderGasById" time="0.363"/>
  <system-out/>
</testsuite> <!-- SuperAdmin.Cylinder_CRUD -->
