<?xml version="1.0" encoding="UTF-8"?>
<!-- Generated by org.testng.reporters.JUnitReportReporter -->
<testsuite hostname="DESKTOP-56PO596" failures="0" tests="7" name="DistributorUser.DistributorUserAccess" time="5.574" errors="0" timestamp="2024-05-29T15:55:47 IST" skipped="0">
  <testcase classname="DistributorUser.DistributorUserAccess" name="distributorUserLoginTest" time="4.137"/>
  <system-out/>
  <testcase classname="DistributorUser.DistributorUserAccess" name="getAllCylinderSize" time="0.327"/>
  <system-out/>
  <testcase classname="DistributorUser.DistributorUserAccess" name="getCylinderSizeById" time="0.202"/>
  <system-out/>
  <testcase classname="DistributorUser.DistributorUserAccess" name="getAllCylinderGas" time="0.225"/>
  <system-out/>
  <testcase classname="DistributorUser.DistributorUserAccess" name="getCylinderGasById" time="0.198"/>
  <system-out/>
  <testcase classname="DistributorUser.DistributorUserAccess" name="getCompanyCylinder" time="0.259"/>
  <system-out/>
  <testcase classname="DistributorUser.DistributorUserAccess" name="getCompanyCylinderById" time="0.226"/>
  <system-out/>
</testsuite> <!-- DistributorUser.DistributorUserAccess -->
