<?xml version="1.0" encoding="UTF-8"?>
<!-- Generated by org.testng.reporters.JUnitReportReporter -->
<testsuite hostname="DESKTOP-56PO596" failures="0" tests="6" name="DistributedAdmin.Create_Cylinder_CRUD" time="1.772" errors="0" timestamp="2024-05-19T18:57:48 IST" skipped="0">
  <testcase classname="DistributedAdmin.Create_Cylinder_CRUD" name="distributorAdminLoginTest" time="0.424"/>
  <system-out/>
  <testcase classname="DistributedAdmin.Create_Cylinder_CRUD" name="getCompanyCylinder" time="0.217"/>
  <system-out/>
  <testcase classname="DistributedAdmin.Create_Cylinder_CRUD" name="getCompanyCylinderById" time="0.123"/>
  <system-out/>
  <testcase classname="DistributedAdmin.Create_Cylinder_CRUD" name="createCompanyCylinderTest" time="0.363"/>
  <system-out/>
  <testcase classname="DistributedAdmin.Create_Cylinder_CRUD" name="updateCompanyLocationByIdTest" time="0.416"/>
  <system-out/>
  <testcase classname="DistributedAdmin.Create_Cylinder_CRUD" name="DeleteDistributorUserById" time="0.229"/>
  <system-out/>
</testsuite> <!-- DistributedAdmin.Create_Cylinder_CRUD -->
